<?xml version="1.0" encoding="UTF-8" standalone="no"?><testsuite errors="0" failures="0" name="Agregar productos al carrito de compras." skipped="0" tests="9" time="152.17" timestamp="2023-08-07 03:50:49"><testcase name="Usuario sin autenticarse selecciona un producto aleatorio y lo agrega al carrito de compras."/><testcase name="Usuario sin autenticarse selecciona un producto y agrega cierta cantidad al carrito de compras."/><testcase name="Usuario sin autenticarse selecciona una categoria y un producto y lo agrega al carrito de compras."/><testcase name="Un usuario autenticado agrega productos, cierra sesion y vuelve a abrirla debe seguir viendo los productos agregados en el carrito."/></testsuite>